app/build - copia/intermediates/manifest_merge_blame_file/debug/processDebugMainManifest/manifest-merger-blame-debug-report.txt
1<?xml version="1.0" encoding="utf-8"?>
2<manifest xmlns:android="http://schemas.android.com/apk/res/android"
3    package="cr.ac.utn.conversordemonedas"
4    android:versionCode="1"
5    android:versionName="1.0" >
6
7    <uses-sdk
8        android:minSdkVersion="34"
9        android:targetSdkVersion="36" />
10
11    <permission
11-->[androidx.core:core:1.17.0] AndroidManifest.xml:22:5-24:47
12        android:name="cr.ac.utn.conversordemonedas.DYNAMIC_RECEIVER_NOT_EXPORTED_PERMISSION"
12-->[androidx.core:core:1.17.0] AndroidManifest.xml:23:9-81
13        android:protectionLevel="signature" />
13-->[androidx.core:core:1.17.0] AndroidManifest.xml:24:9-44
14
15    <uses-permission android:name="cr.ac.utn.conversordemonedas.DYNAMIC_RECEIVER_NOT_EXPORTED_PERMISSION" />
15-->[androidx.core:core:1.17.0] AndroidManifest.xml:26:5-97
15-->[androidx.core:core:1.17.0] AndroidManifest.xml:26:22-94
16
17    <application
17-->src\main\AndroidManifest.xml:4:5-15:19
18        android:appComponentFactory="androidx.core.app.CoreComponentFactory"
18-->[androidx.core:core:1.17.0] AndroidManifest.xml:28:18-86
19        android:debuggable="true"
20        android:extractNativeLibs="false"
21        android:label="@string/app_name"
21-->src\main\AndroidManifest.xml:5:9-41
22        android:testOnly="true"
23        android:theme="@style/Theme.ConversorDeMonedas" >
23-->src\main\AndroidManifest.xml:6:9-56
24        <activity android:name="cr.ac.utn.conversordemonedas.ConversionActivity" />
24-->src\main\AndroidManifest.xml:7:9-56
24-->src\main\AndroidManifest.xml:7:19-53
25        <activity
25-->src\main\AndroidManifest.xml:8:9-14:20
26            android:name="cr.ac.utn.conversordemonedas.MainActivity"
26-->src\main\AndroidManifest.xml:8:19-47
27            android:exported="true" >
27-->src\main\AndroidManifest.xml:9:13-36
28            <intent-filter>
28-->src\main\AndroidManifest.xml:10:13-13:29
29                <action android:name="android.intent.action.MAIN" />
29-->src\main\AndroidManifest.xml:11:17-69
29-->src\main\AndroidManifest.xml:11:25-66
30
31                <category android:name="android.intent.category.LAUNCHER" />
31-->src\main\AndroidManifest.xml:12:17-77
31-->src\main\AndroidManifest.xml:12:27-74
32            </intent-filter>
33        </activity>
34        <activity
34-->[androidx.compose.ui:ui-tooling-android:1.9.4] AndroidManifest.xml:23:9-25:39
35            android:name="androidx.compose.ui.tooling.PreviewActivity"
35-->[androidx.compose.ui:ui-tooling-android:1.9.4] AndroidManifest.xml:24:13-71
36            android:exported="true" />
36-->[androidx.compose.ui:ui-tooling-android:1.9.4] AndroidManifest.xml:25:13-36
37        <activity
37-->[androidx.compose.ui:ui-test-manifest:1.9.4] AndroidManifest.xml:23:9-26:79
38            android:name="androidx.activity.ComponentActivity"
38-->[androidx.compose.ui:ui-test-manifest:1.9.4] AndroidManifest.xml:24:13-63
39            android:exported="true"
39-->[androidx.compose.ui:ui-test-manifest:1.9.4] AndroidManifest.xml:25:13-36
40            android:theme="@android:style/Theme.Material.Light.NoActionBar" />
40-->[androidx.compose.ui:ui-test-manifest:1.9.4] AndroidManifest.xml:26:13-76
41
42        <provider
42-->[androidx.emoji2:emoji2:1.4.0] AndroidManifest.xml:24:9-32:20
43            android:name="androidx.startup.InitializationProvider"
43-->[androidx.emoji2:emoji2:1.4.0] AndroidManifest.xml:25:13-67
44            android:authorities="cr.ac.utn.conversordemonedas.androidx-startup"
44-->[androidx.emoji2:emoji2:1.4.0] AndroidManifest.xml:26:13-68
45            android:exported="false" >
45-->[androidx.emoji2:emoji2:1.4.0] AndroidManifest.xml:27:13-37
46            <meta-data
46-->[androidx.emoji2:emoji2:1.4.0] AndroidManifest.xml:29:13-31:52
47                android:name="androidx.emoji2.text.EmojiCompatInitializer"
47-->[androidx.emoji2:emoji2:1.4.0] AndroidManifest.xml:30:17-75
48                android:value="androidx.startup" />
48-->[androidx.emoji2:emoji2:1.4.0] AndroidManifest.xml:31:17-49
49            <meta-data
49-->[androidx.lifecycle:lifecycle-process:2.9.4] AndroidManifest.xml:29:13-31:52
50                android:name="androidx.lifecycle.ProcessLifecycleInitializer"
50-->[androidx.lifecycle:lifecycle-process:2.9.4] AndroidManifest.xml:30:17-78
51                android:value="androidx.startup" />
51-->[androidx.lifecycle:lifecycle-process:2.9.4] AndroidManifest.xml:31:17-49
52            <meta-data
52-->[androidx.profileinstaller:profileinstaller:1.4.0] AndroidManifest.xml:29:13-31:52
53                android:name="androidx.profileinstaller.ProfileInstallerInitializer"
53-->[androidx.profileinstaller:profileinstaller:1.4.0] AndroidManifest.xml:30:17-85
54                android:value="androidx.startup" />
54-->[androidx.profileinstaller:profileinstaller:1.4.0] AndroidManifest.xml:31:17-49
55        </provider>
56
57        <receiver
57-->[androidx.profileinstaller:profileinstaller:1.4.0] AndroidManifest.xml:34:9-52:20
58            android:name="androidx.profileinstaller.ProfileInstallReceiver"
58-->[androidx.profileinstaller:profileinstaller:1.4.0] AndroidManifest.xml:35:13-76
59            android:directBootAware="false"
59-->[androidx.profileinstaller:profileinstaller:1.4.0] AndroidManifest.xml:36:13-44
60            android:enabled="true"
60-->[androidx.profileinstaller:profileinstaller:1.4.0] AndroidManifest.xml:37:13-35
61            android:exported="true"
61-->[androidx.profileinstaller:profileinstaller:1.4.0] AndroidManifest.xml:38:13-36
62            android:permission="android.permission.DUMP" >
62-->[androidx.profileinstaller:profileinstaller:1.4.0] AndroidManifest.xml:39:13-57
63            <intent-filter>
63-->[androidx.profileinstaller:profileinstaller:1.4.0] AndroidManifest.xml:40:13-42:29
64                <action android:name="androidx.profileinstaller.action.INSTALL_PROFILE" />
64-->[androidx.profileinstaller:profileinstaller:1.4.0] AndroidManifest.xml:41:17-91
64-->[androidx.profileinstaller:profileinstaller:1.4.0] AndroidManifest.xml:41:25-88
65            </intent-filter>
66            <intent-filter>
66-->[androidx.profileinstaller:profileinstaller:1.4.0] AndroidManifest.xml:43:13-45:29
67                <action android:name="androidx.profileinstaller.action.SKIP_FILE" />
67-->[androidx.profileinstaller:profileinstaller:1.4.0] AndroidManifest.xml:44:17-85
67-->[androidx.profileinstaller:profileinstaller:1.4.0] AndroidManifest.xml:44:25-82
68            </intent-filter>
69            <intent-filter>
69-->[androidx.profileinstaller:profileinstaller:1.4.0] AndroidManifest.xml:46:13-48:29
70                <action android:name="androidx.profileinstaller.action.SAVE_PROFILE" />
70-->[androidx.profileinstaller:profileinstaller:1.4.0] AndroidManifest.xml:47:17-88
70-->[androidx.profileinstaller:profileinstaller:1.4.0] AndroidManifest.xml:47:25-85
71            </intent-filter>
72            <intent-filter>
72-->[androidx.profileinstaller:profileinstaller:1.4.0] AndroidManifest.xml:49:13-51:29
73                <action android:name="androidx.profileinstaller.action.BENCHMARK_OPERATION" />
73-->[androidx.profileinstaller:profileinstaller:1.4.0] AndroidManifest.xml:50:17-95
73-->[androidx.profileinstaller:profileinstaller:1.4.0] AndroidManifest.xml:50:25-92
74            </intent-filter>
75        </receiver>
76    </application>
77
78</manifest>